game   1 time= 19.4s halfmoves= 85 Winner.white
game   2 time=  7.9s halfmoves= 37 Winner.white
game   3 time= 16.1s halfmoves= 73 Winner.white
game   4 time= 15.4s halfmoves= 69 Winner.white
game   5 time= 14.5s halfmoves= 65 Winner.white
game   6 time= 22.7s halfmoves=103 Winner.white
game   7 time= 57.8s halfmoves=249 Winner.draw
game   8 time= 23.5s halfmoves=106 Winner.black
game   9 time= 30.0s halfmoves=133 Winner.white
game  10 time= 32.4s halfmoves=135 Winner.white
game  11 time= 45.6s halfmoves=194 Winner.black
game  12 time= 63.7s halfmoves=261 Winner.draw
game  13 time= 25.7s halfmoves=111 Winner.white
game  14 time= 16.8s halfmoves= 75 Winner.white
game  15 time= 24.1s halfmoves=107 Winner.white
game  16 time= 41.5s halfmoves=180 Winner.black
game  17 time= 62.0s halfmoves=265 Winner.white
game  18 time= 24.4s halfmoves=106 Winner.black
game  19 time= 10.3s halfmoves= 48 Winner.black
game  20 time= 68.7s halfmoves=281 Winner.draw
game  21 time= 18.1s halfmoves= 82 Winner.black
game  22 time= 37.5s halfmoves=162 Winner.black
game  23 time= 21.0s halfmoves= 94 Winner.black
game  24 time= 15.0s halfmoves= 68 Winner.black
game  25 time= 67.5s halfmoves=252 Winner.draw
game  26 time= 19.4s halfmoves= 85 Winner.white
game  27 time=  7.9s halfmoves= 37 Winner.white
game  28 time= 76.4s halfmoves=262 Winner.draw
game  29 time= 43.8s halfmoves=191 Winner.draw
game  30 time= 36.6s halfmoves=159 Winner.white
game  31 time= 16.8s halfmoves= 76 Winner.black
game  32 time= 25.6s halfmoves=109 Winner.white
game  33 time=  3.3s halfmoves= 16 Winner.black
game  34 time= 22.2s halfmoves= 98 Winner.black
game  35 time= 52.1s halfmoves=221 Winner.white
game  36 time= 92.3s halfmoves=331 Winner.draw
game  37 time= 20.6s halfmoves= 91 Winner.white
game  38 time= 49.4s halfmoves=211 Winner.white
game  39 time=  4.1s halfmoves= 21 Winner.white
game  40 time= 21.9s halfmoves= 95 Winner.white
game  41 time= 91.2s halfmoves=315 Winner.draw
game  42 time= 20.7s halfmoves= 90 Winner.black
game  43 time= 17.3s halfmoves= 77 Winner.white
game  44 time=  8.8s halfmoves= 41 Winner.white
game  45 time= 12.9s halfmoves= 58 Winner.black
game  46 time= 61.3s halfmoves=263 Winner.draw
game  47 time= 24.3s halfmoves=108 Winner.black
game  48 time=  2.2s halfmoves= 11 Winner.white
game  49 time= 29.3s halfmoves=125 Winner.white
game  50 time= 13.4s halfmoves= 61 Winner.white
game  51 time= 21.2s halfmoves= 29 Winner.white
game  52 time= 17.5s halfmoves= 78 Winner.black
game  53 time= 63.9s halfmoves=245 Winner.draw
game  54 time=  7.0s halfmoves= 33 Winner.white
game  55 time= 12.8s halfmoves= 58 Winner.black
game  56 time= 67.6s halfmoves=278 Winner.draw
game  57 time= 35.2s halfmoves=153 Winner.white
game  58 time= 95.7s halfmoves=339 Winner.draw
game  59 time= 36.4s halfmoves=156 Winner.black
game  60 time= 60.5s halfmoves=254 Winner.black
game  61 time= 96.0s halfmoves=335 Winner.draw
game  62 time= 19.3s halfmoves= 85 Winner.white
game  63 time= 49.8s halfmoves=210 Winner.draw
game  64 time=104.2s halfmoves=356 Winner.draw
game  65 time= 42.6s halfmoves=186 Winner.draw
game  66 time= 18.7s halfmoves= 83 Winner.white
game  67 time=  7.8s halfmoves= 37 Winner.white
game  68 time= 85.5s halfmoves=294 Winner.draw
game  69 time=105.9s halfmoves=361 Winner.draw
game  70 time= 14.1s halfmoves= 64 Winner.black
game  71 time= 37.9s halfmoves=162 Winner.black
game  72 time=101.8s halfmoves=340 Winner.draw
game  73 time= 27.7s halfmoves=120 Winner.black
game  74 time=  7.7s halfmoves= 36 Winner.black
game  75 time= 54.3s halfmoves=232 Winner.black
game  76 time= 26.2s halfmoves=116 Winner.black
game  77 time= 94.2s halfmoves=331 Winner.draw
game  78 time= 23.0s halfmoves=103 Winner.white
game  79 time= 27.2s halfmoves=123 Winner.white
game  80 time=  7.7s halfmoves= 36 Winner.black
game  81 time= 44.1s halfmoves=189 Winner.white
game  82 time= 58.5s halfmoves=243 Winner.draw
game  83 time= 43.3s halfmoves=189 Winner.white
game  84 time= 27.7s halfmoves=122 Winner.black
game  85 time= 16.8s halfmoves= 75 Winner.white
game  86 time= 14.7s halfmoves= 67 Winner.white
game  87 time= 53.7s halfmoves=234 Winner.draw
game  88 time= 97.9s halfmoves=336 Winner.draw
game  89 time= 48.1s halfmoves=207 Winner.white
game  90 time= 32.8s halfmoves=140 Winner.black
game  91 time= 25.0s halfmoves=105 Winner.white
game  92 time=  0.9s halfmoves=  5 Winner.white
game  93 time= 32.7s halfmoves=145 Winner.white
game  94 time= 96.2s halfmoves=355 Winner.white
game  95 time= 27.1s halfmoves=119 Winner.white
game  96 time= 21.3s halfmoves= 95 Winner.white
game  97 time=150.5s halfmoves=461 Winner.draw
game  98 time= 85.5s halfmoves=300 Winner.draw
game  99 time= 10.3s halfmoves= 48 Winner.black
game 100 time=  3.1s halfmoves= 15 Winner.white
game 101 time=138.1s halfmoves=397 Winner.draw
game 102 time=  8.9s halfmoves= 41 Winner.white
game 103 time= 22.2s halfmoves= 98 Winner.black
game 104 time= 33.6s halfmoves=143 Winner.white
game 105 time= 11.6s halfmoves= 52 Winner.black
game 106 time= 15.2s halfmoves= 71 Winner.white
game 107 time=149.7s halfmoves=478 Winner.draw
game 108 time= 32.9s halfmoves=144 Winner.black
game 109 time= 23.4s halfmoves=100 Winner.black
game 110 time= 38.0s halfmoves=163 Winner.white
game 111 time= 53.0s halfmoves=226 Winner.black
game 112 time= 17.5s halfmoves= 79 Winner.white
game 113 time= 22.4s halfmoves= 98 Winner.black
game 114 time= 90.5s halfmoves=313 Winner.draw
game 115 time= 11.8s halfmoves= 54 Winner.black
game 116 time=  3.3s halfmoves= 16 Winner.black
game 117 time= 24.9s halfmoves=107 Winner.white
game 118 time= 13.9s halfmoves= 64 Winner.black
game 119 time=  3.0s halfmoves= 15 Winner.white
game 120 time= 55.5s halfmoves=234 Winner.draw
game 121 time= 24.7s halfmoves=112 Winner.black
game 122 time= 24.5s halfmoves=107 Winner.white
game 123 time= 67.0s halfmoves=285 Winner.white
game 124 time= 94.1s halfmoves=327 Winner.draw
game 125 time=  2.3s halfmoves= 12 Winner.black
game 126 time= 75.9s halfmoves=274 Winner.black
game 127 time= 46.8s halfmoves=199 Winner.draw
game 128 time=  4.9s halfmoves= 24 Winner.black
game 129 time=  3.4s halfmoves= 17 Winner.white
game 130 time= 25.1s halfmoves=113 Winner.white
game 131 time= 30.4s halfmoves=134 Winner.black
game 132 time= 16.0s halfmoves= 72 Winner.black
game 133 time= 55.1s halfmoves=239 Winner.draw
game 134 time= 51.0s halfmoves=223 Winner.white
game 135 time= 80.1s halfmoves=314 Winner.draw
game 136 time= 94.0s halfmoves=331 Winner.draw
game 137 time= 20.3s halfmoves= 90 Winner.black
game 138 time= 19.7s halfmoves= 88 Winner.black
game 139 time= 31.5s halfmoves=136 Winner.black
game 140 time=  9.1s halfmoves= 42 Winner.black
game 141 time= 31.2s halfmoves=136 Winner.black
game 142 time= 24.4s halfmoves=106 Winner.black
game 143 time= 69.2s halfmoves=272 Winner.draw
game 144 time= 81.2s halfmoves=324 Winner.draw
game 145 time= 30.5s halfmoves=133 Winner.white
game 146 time= 12.7s halfmoves= 58 Winner.black
game 147 time= 11.9s halfmoves= 53 Winner.white
game 148 time= 26.5s halfmoves=115 Winner.white
game 149 time= 70.8s halfmoves=286 Winner.draw
game 150 time= 14.8s halfmoves= 66 Winner.black
game 151 time= 81.7s halfmoves=257 Winner.draw
game 152 time=  7.6s halfmoves= 35 Winner.white
game 153 time=  6.4s halfmoves= 30 Winner.black
game 154 time= 14.1s halfmoves= 63 Winner.white
game 155 time=  1.1s halfmoves=  6 Winner.black
game 156 time=  1.3s halfmoves=  7 Winner.white
game 157 time=  6.4s halfmoves= 30 Winner.black
game 158 time= 14.0s halfmoves= 62 Winner.black
game 159 time= 29.5s halfmoves=131 Winner.white
game 160 time= 81.1s halfmoves=279 Winner.draw
game 161 time= 24.8s halfmoves=109 Winner.white
game 162 time= 91.5s halfmoves=318 Winner.draw
game 163 time= 26.5s halfmoves=115 Winner.white
game 164 time= 43.4s halfmoves=182 Winner.black
game 165 time=  2.6s halfmoves= 13 Winner.white
game 166 time= 59.3s halfmoves=243 Winner.draw
game 167 time=  7.2s halfmoves= 33 Winner.white
game 168 time=  1.5s halfmoves=  8 Winner.black
game 169 time= 42.0s halfmoves=184 Winner.draw
game 170 time=  1.8s halfmoves= 10 Winner.black
game 171 time= 35.0s halfmoves=152 Winner.black
game 172 time= 18.7s halfmoves= 82 Winner.black
game 173 time= 20.4s halfmoves= 90 Winner.black
game 174 time= 37.0s halfmoves=156 Winner.black
game 175 time= 17.4s halfmoves= 75 Winner.white
game 176 time= 23.7s halfmoves=101 Winner.white
game 177 time= 18.6s halfmoves= 81 Winner.white
game 178 time= 19.0s halfmoves= 86 Winner.black
game 179 time= 26.6s halfmoves=117 Winner.white
game 180 time=  6.4s halfmoves= 30 Winner.black
game 181 time= 33.9s halfmoves=149 Winner.white
game 182 time=  5.6s halfmoves= 26 Winner.black
game 183 time= 13.2s halfmoves= 60 Winner.black
game 184 time=  6.8s halfmoves= 31 Winner.white
game 185 time= 24.2s halfmoves=106 Winner.black
game 186 time= 86.8s halfmoves=305 Winner.draw
game 187 time= 20.4s halfmoves= 89 Winner.white
game 188 time= 17.7s halfmoves= 80 Winner.black
game 189 time= 16.2s halfmoves= 72 Winner.black
game 190 time= 41.1s halfmoves=181 Winner.white
game 191 time= 17.0s halfmoves= 78 Winner.black
game 192 time= 21.2s halfmoves= 94 Winner.black
game 193 time= 39.9s halfmoves=169 Winner.white
game 194 time= 31.9s halfmoves=138 Winner.black
game 195 time= 25.2s halfmoves=108 Winner.black
game 196 time= 34.1s halfmoves=145 Winner.draw
game 197 time= 34.3s halfmoves=147 Winner.white
game 198 time= 78.9s halfmoves=273 Winner.draw
game 199 time= 18.7s halfmoves= 82 Winner.black
game 200 time= 29.8s halfmoves=131 Winner.white
game 201 time= 21.6s halfmoves= 40 Winner.black
game 202 time= 18.5s halfmoves= 82 Winner.black
game 203 time= 16.7s halfmoves= 73 Winner.white
game 204 time= 19.7s halfmoves= 86 Winner.black
game 205 time= 32.4s halfmoves=144 Winner.black
game 206 time= 14.9s halfmoves= 68 Winner.black
game 207 time= 33.1s halfmoves=147 Winner.white
game 208 time= 10.3s halfmoves= 47 Winner.white
game 209 time= 51.3s halfmoves=220 Winner.black
game 210 time= 11.1s halfmoves= 50 Winner.black
game 211 time= 38.8s halfmoves=167 Winner.white
game 212 time= 24.1s halfmoves=103 Winner.white
game 213 time= 43.4s halfmoves=179 Winner.white
game 214 time= 40.7s halfmoves=173 Winner.white
game 215 time= 68.9s halfmoves=280 Winner.draw
game 216 time= 11.7s halfmoves= 53 Winner.white
game 217 time= 17.6s halfmoves= 78 Winner.black
game 218 time= 46.7s halfmoves=197 Winner.draw
game 219 time= 39.7s halfmoves=178 Winner.black
game 220 time= 90.2s halfmoves=314 Winner.draw
game 221 time=174.0s halfmoves=552 Winner.draw
game 222 time= 35.6s halfmoves=155 Winner.white
game 223 time= 19.1s halfmoves= 86 Winner.black
game 224 time= 12.1s halfmoves= 56 Winner.black
game 225 time= 30.1s halfmoves=131 Winner.white
game 226 time= 22.0s halfmoves= 96 Winner.black
game 227 time= 21.4s halfmoves= 96 Winner.black
game 228 time= 27.4s halfmoves=120 Winner.black
game 229 time= 47.8s halfmoves=208 Winner.draw
game 230 time= 95.5s halfmoves=324 Winner.draw
game 231 time=  1.5s halfmoves=  8 Winner.black
game 232 time= 43.8s halfmoves=186 Winner.black
game 233 time= 85.0s halfmoves=312 Winner.draw
game 234 time= 27.2s halfmoves=120 Winner.black
game 235 time= 35.3s halfmoves=153 Winner.white
game 236 time= 27.1s halfmoves=120 Winner.black
game 237 time= 31.5s halfmoves=136 Winner.black
game 238 time= 12.6s halfmoves= 57 Winner.white
game 239 time= 10.4s halfmoves= 48 Winner.black
game 240 time= 19.5s halfmoves= 87 Winner.white
game 241 time= 90.2s halfmoves=316 Winner.draw
game 242 time= 34.6s halfmoves=148 Winner.black
game 243 time= 19.3s halfmoves= 88 Winner.black
game 244 time= 68.1s halfmoves=235 Winner.draw
game 245 time= 33.8s halfmoves=148 Winner.black
game 246 time= 29.6s halfmoves=132 Winner.black
game 247 time= 24.5s halfmoves=110 Winner.black
game 248 time= 54.5s halfmoves=224 Winner.black
game 249 time= 17.6s halfmoves= 78 Winner.black
game 250 time= 27.8s halfmoves=124 Winner.black
game 251 time= 43.6s halfmoves=117 Winner.white
game 252 time= 12.8s halfmoves= 58 Winner.black
game 253 time= 31.8s halfmoves=142 Winner.draw
game 254 time= 33.0s halfmoves=141 Winner.white
game 255 time= 82.9s halfmoves=287 Winner.draw
game 256 time= 41.8s halfmoves=180 Winner.black
game 257 time= 86.6s halfmoves=310 Winner.draw
game 258 time= 38.3s halfmoves=168 Winner.draw
game 259 time=  9.0s halfmoves= 41 Winner.white
game 260 time= 21.2s halfmoves= 93 Winner.white
game 261 time= 18.5s halfmoves= 81 Winner.white
game 262 time= 14.3s halfmoves= 65 Winner.white
game 263 time= 33.8s halfmoves=142 Winner.black
game 264 time= 23.5s halfmoves=107 Winner.white
game 265 time= 24.8s halfmoves=105 Winner.white
game 266 time= 12.4s halfmoves= 56 Winner.black
game 267 time=  6.9s halfmoves= 33 Winner.white
game 268 time= 20.2s halfmoves= 93 Winner.white
game 269 time= 59.0s halfmoves=249 Winner.white
game 270 time= 23.0s halfmoves=102 Winner.black
game 271 time= 33.8s halfmoves=145 Winner.white
game 272 time= 18.7s halfmoves= 84 Winner.black
game 273 time= 10.5s halfmoves= 48 Winner.black
game 274 time= 81.2s halfmoves=318 Winner.draw
game 275 time= 37.6s halfmoves=168 Winner.black
game 276 time= 30.9s halfmoves=131 Winner.white
game 277 time= 14.7s halfmoves= 66 Winner.black
game 278 time= 28.3s halfmoves=126 Winner.black
game 279 time= 83.4s halfmoves=290 Winner.draw
game 280 time= 25.4s halfmoves=113 Winner.white
game 281 time= 16.4s halfmoves= 74 Winner.black
game 282 time= 25.8s halfmoves=112 Winner.black
game 283 time= 12.6s halfmoves= 56 Winner.black
game 284 time= 17.0s halfmoves= 77 Winner.white
game 285 time= 64.0s halfmoves=258 Winner.draw
game 286 time=  7.4s halfmoves= 34 Winner.black
game 287 time= 30.0s halfmoves=131 Winner.white
game 288 time= 42.6s halfmoves=180 Winner.black
game 289 time= 61.7s halfmoves=262 Winner.draw
game 290 time= 23.2s halfmoves=101 Winner.white
game 291 time= 25.3s halfmoves=111 Winner.white
game 292 time= 22.1s halfmoves= 98 Winner.black
game 293 time= 31.8s halfmoves=135 Winner.white
game 294 time= 22.0s halfmoves= 99 Winner.white
game 295 time= 64.2s halfmoves=258 Winner.draw
game 296 time= 23.0s halfmoves=100 Winner.black
game 297 time= 21.9s halfmoves= 97 Winner.white
game 298 time= 33.0s halfmoves=147 Winner.draw
game 299 time= 21.7s halfmoves= 97 Winner.white
game 300 time= 23.5s halfmoves=103 Winner.white
game 301 time= 81.1s halfmoves=272 Winner.draw
game 302 time= 40.8s halfmoves=182 Winner.black
game 303 time= 24.6s halfmoves=107 Winner.white
game 304 time= 15.7s halfmoves= 70 Winner.black
game 305 time= 78.3s halfmoves=305 Winner.draw
game 306 time= 53.3s halfmoves=224 Winner.black
game 307 time= 34.0s halfmoves=147 Winner.white
game 308 time= 39.5s halfmoves=171 Winner.white
game 309 time= 14.7s halfmoves= 65 Winner.white
game 310 time=  8.6s halfmoves= 40 Winner.black
game 311 time= 22.5s halfmoves= 99 Winner.white
game 312 time= 28.4s halfmoves=122 Winner.black
game 313 time=  8.1s halfmoves= 38 Winner.black
game 314 time=125.4s halfmoves=427 Winner.draw
game 315 time= 16.2s halfmoves= 72 Winner.black
game 316 time= 94.0s halfmoves=322 Winner.draw
game 317 time= 25.5s halfmoves=111 Winner.white
game 318 time= 14.9s halfmoves= 67 Winner.white
game 319 time= 15.7s halfmoves= 68 Winner.black
game 320 time= 55.9s halfmoves=225 Winner.white
game 321 time=118.4s halfmoves=367 Winner.draw
game 322 time=  9.8s halfmoves= 44 Winner.black
game 323 time= 15.2s halfmoves= 71 Winner.white
game 324 time= 12.4s halfmoves= 56 Winner.black
game 325 time= 77.0s halfmoves=311 Winner.draw
game 326 time= 16.3s halfmoves= 73 Winner.white
game 327 time= 19.2s halfmoves= 87 Winner.white
game 328 time= 85.4s halfmoves=321 Winner.draw
game 329 time= 10.0s halfmoves= 45 Winner.white
game 330 time= 60.2s halfmoves=250 Winner.black
game 331 time= 45.4s halfmoves=196 Winner.draw
game 332 time=101.9s halfmoves=357 Winner.draw
game 333 time= 52.3s halfmoves=221 Winner.draw
game 334 time= 61.6s halfmoves=259 Winner.white
game 335 time= 24.0s halfmoves=109 Winner.white
game 336 time= 15.6s halfmoves= 71 Winner.white
game 337 time= 59.5s halfmoves=249 Winner.draw
game 338 time=  0.9s halfmoves=  5 Winner.white
game 339 time= 15.1s halfmoves= 68 Winner.black
game 340 time= 19.9s halfmoves= 87 Winner.white
game 341 time= 46.8s halfmoves=200 Winner.black
game 342 time= 21.5s halfmoves= 93 Winner.white
game 343 time= 29.1s halfmoves=125 Winner.white
game 344 time= 20.6s halfmoves= 92 Winner.black
game 345 time= 19.9s halfmoves= 88 Winner.black
game 346 time= 34.5s halfmoves=151 Winner.white
game 347 time=  5.4s halfmoves= 26 Winner.black
game 348 time= 40.6s halfmoves=170 Winner.black
game 349 time= 12.0s halfmoves= 55 Winner.white
game 350 time= 38.4s halfmoves=165 Winner.draw
game 351 time= 80.5s halfmoves=257 Winner.draw
game 352 time=  6.8s halfmoves= 31 Winner.white
game 353 time= 14.0s halfmoves= 62 Winner.black
game 354 time= 21.6s halfmoves= 95 Winner.white
game 355 time= 15.7s halfmoves= 69 Winner.white
game 356 time= 18.8s halfmoves= 82 Winner.black
game 357 time= 22.5s halfmoves= 96 Winner.black
game 358 time= 96.5s halfmoves=333 Winner.draw
game 359 time= 48.7s halfmoves=201 Winner.white
game 360 time= 30.5s halfmoves=135 Winner.white
game 361 time= 12.7s halfmoves= 56 Winner.black
game 362 time= 36.5s halfmoves=160 Winner.black
game 363 time= 11.6s halfmoves= 53 Winner.white
game 364 time=  6.1s halfmoves= 29 Winner.white
game 365 time= 15.0s halfmoves= 66 Winner.black
game 366 time= 37.1s halfmoves=165 Winner.white
game 367 time= 31.5s halfmoves=139 Winner.white
game 368 time= 14.0s halfmoves= 62 Winner.black
game 369 time= 57.8s halfmoves=238 Winner.black
game 370 time= 49.7s halfmoves=211 Winner.white
game 371 time= 48.9s halfmoves=206 Winner.black
game 372 time= 39.2s halfmoves=173 Winner.white
game 373 time= 58.0s halfmoves=244 Winner.draw
game 374 time= 40.4s halfmoves=163 Winner.white
game 375 time=  1.1s halfmoves=  6 Winner.black
game 376 time= 26.5s halfmoves=114 Winner.black
game 377 time= 51.6s halfmoves=222 Winner.black
game 378 time= 11.7s halfmoves= 51 Winner.white
game 379 time= 10.4s halfmoves= 48 Winner.black
game 380 time= 27.5s halfmoves=118 Winner.black
game 381 time= 21.9s halfmoves= 97 Winner.white
game 382 time= 70.3s halfmoves=245 Winner.draw
game 383 time= 31.6s halfmoves=141 Winner.white
game 384 time= 95.6s halfmoves=332 Winner.draw
game 385 time= 57.8s halfmoves=242 Winner.draw
game 386 time=100.2s halfmoves=348 Winner.draw
game 387 time= 46.5s halfmoves=200 Winner.draw
game 388 time=105.0s halfmoves=371 Winner.draw
game 389 time= 50.6s halfmoves=218 Winner.draw
game 390 time= 37.3s halfmoves=161 Winner.white
game 391 time=135.9s halfmoves=420 Winner.draw
game 392 time= 31.7s halfmoves=136 Winner.black
game 393 time= 31.2s halfmoves=134 Winner.black
game 394 time=100.3s halfmoves=350 Winner.draw
game 395 time= 77.0s halfmoves=298 Winner.draw
game 396 time= 29.0s halfmoves=124 Winner.black
game 397 time=102.3s halfmoves=390 Winner.draw
game 398 time= 23.4s halfmoves=103 Winner.white
game 399 time= 62.7s halfmoves=258 Winner.draw
game 400 time= 43.7s halfmoves=186 Winner.black
game 401 time= 44.5s halfmoves=106 Winner.black
game 402 time= 47.0s halfmoves=200 Winner.black
game 403 time= 17.9s halfmoves= 79 Winner.white
game 404 time= 19.1s halfmoves= 83 Winner.white
game 405 time= 32.9s halfmoves=145 Winner.white
game 406 time=  9.3s halfmoves= 43 Winner.white
game 407 time= 45.9s halfmoves=198 Winner.draw
game 408 time= 25.5s halfmoves=111 Winner.white
game 409 time= 83.6s halfmoves=290 Winner.draw
game 410 time= 21.1s halfmoves= 93 Winner.white
game 411 time= 21.4s halfmoves= 96 Winner.black
game 412 time= 35.3s halfmoves=158 Winner.draw
game 413 time= 21.1s halfmoves= 95 Winner.white
game 414 time= 18.8s halfmoves= 81 Winner.white
game 415 time=  8.4s halfmoves= 38 Winner.black
game 416 time=  4.3s halfmoves= 22 Winner.black
game 417 time= 26.1s halfmoves=114 Winner.black
game 418 time= 38.3s halfmoves=166 Winner.black
game 419 time=  9.9s halfmoves= 46 Winner.black
game 420 time= 18.1s halfmoves= 81 Winner.white
game 421 time= 21.7s halfmoves= 98 Winner.black
game 422 time= 11.8s halfmoves= 54 Winner.black
game 423 time= 14.9s halfmoves= 67 Winner.white
game 424 time= 42.7s halfmoves=186 Winner.black
game 425 time= 27.4s halfmoves=118 Winner.black
game 426 time= 25.1s halfmoves=112 Winner.black
game 427 time= 34.8s halfmoves=147 Winner.white
game 428 time= 24.1s halfmoves=107 Winner.white
game 429 time= 24.6s halfmoves=106 Winner.black
game 430 time= 97.9s halfmoves=342 Winner.draw
game 431 time=  9.6s halfmoves= 44 Winner.black
game 432 time=  4.2s halfmoves= 20 Winner.black
game 433 time= 27.0s halfmoves=120 Winner.black
game 434 time= 13.0s halfmoves= 59 Winner.white
game 435 time= 43.1s halfmoves=182 Winner.black
game 436 time= 68.8s halfmoves=283 Winner.draw
game 437 time=  1.1s halfmoves=  6 Winner.black
game 438 time= 52.9s halfmoves=226 Winner.black
game 439 time= 10.1s halfmoves= 47 Winner.white
game 440 time= 16.2s halfmoves= 72 Winner.black
game 441 time= 12.9s halfmoves= 58 Winner.black
game 442 time= 17.4s halfmoves= 79 Winner.white
game 443 time= 85.4s halfmoves=290 Winner.draw
game 444 time= 82.8s halfmoves=287 Winner.draw
game 445 time= 63.7s halfmoves=261 Winner.draw
game 446 time= 95.1s halfmoves=322 Winner.draw
game 447 time= 28.7s halfmoves=124 Winner.black
game 448 time= 12.3s halfmoves= 56 Winner.black
game 449 time= 13.1s halfmoves= 59 Winner.white
game 450 time= 91.5s halfmoves=324 Winner.draw
game 451 time= 40.3s halfmoves=110 Winner.black
game 452 time= 15.1s halfmoves= 66 Winner.black
game 453 time= 85.1s halfmoves=297 Winner.draw
game 454 time= 57.7s halfmoves=239 Winner.white
game 455 time=101.3s halfmoves=350 Winner.draw
game 456 time= 15.0s halfmoves= 70 Winner.black
game 457 time= 37.7s halfmoves=161 Winner.white
game 458 time=  4.3s halfmoves= 21 Winner.white
game 459 time= 61.5s halfmoves=253 Winner.white
game 460 time= 19.1s halfmoves= 86 Winner.black
game 461 time= 21.1s halfmoves= 96 Winner.black
game 462 time= 50.4s halfmoves=219 Winner.white
game 463 time= 86.2s halfmoves=299 Winner.draw
game 464 time= 72.1s halfmoves=279 Winner.draw
game 465 time= 29.0s halfmoves=124 Winner.black
game 466 time= 15.1s halfmoves= 68 Winner.black
game 467 time= 35.3s halfmoves=155 Winner.white
game 468 time= 20.1s halfmoves= 89 Winner.white
game 469 time= 15.4s halfmoves= 69 Winner.white
game 470 time= 31.0s halfmoves=134 Winner.black
game 471 time= 47.1s halfmoves=198 Winner.black
game 472 time= 75.6s halfmoves=267 Winner.draw
game 473 time= 20.9s halfmoves= 93 Winner.white
game 474 time= 19.6s halfmoves= 87 Winner.white
game 475 time= 12.5s halfmoves= 56 Winner.black
game 476 time= 10.8s halfmoves= 49 Winner.white
game 477 time= 26.0s halfmoves=115 Winner.white
game 478 time= 21.6s halfmoves= 96 Winner.black
game 479 time=  2.4s halfmoves= 12 Winner.black
game 480 time=  5.7s halfmoves= 27 Winner.white
game 481 time=  4.0s halfmoves= 19 Winner.white
game 482 time=109.6s halfmoves=373 Winner.draw
game 483 time=  8.5s halfmoves= 40 Winner.black
game 484 time= 42.2s halfmoves=180 Winner.black
game 485 time= 22.0s halfmoves= 98 Winner.black
game 486 time=  7.1s halfmoves= 33 Winner.white
game 487 time= 10.1s halfmoves= 46 Winner.black
game 488 time= 36.5s halfmoves=157 Winner.white
game 489 time= 25.6s halfmoves=112 Winner.black
game 490 time= 84.4s halfmoves=291 Winner.draw
game 491 time= 78.1s halfmoves=317 Winner.white
game 492 time= 45.2s halfmoves=191 Winner.white
game 493 time= 58.6s halfmoves=254 Winner.draw
game 494 time=111.7s halfmoves=381 Winner.draw
game 495 time= 18.3s halfmoves= 81 Winner.white
game 496 time= 11.7s halfmoves= 53 Winner.white
game 497 time= 80.0s halfmoves=276 Winner.draw
game 498 time= 11.8s halfmoves= 52 Winner.black
game 499 time= 20.6s halfmoves= 91 Winner.white
game 500 time= 12.3s halfmoves= 54 Winner.black
game 501 time=103.6s halfmoves=341 Winner.draw
game 502 time= 21.0s halfmoves= 90 Winner.black
game 503 time= 14.8s halfmoves= 68 Winner.black
game 504 time=  4.0s halfmoves= 19 Winner.white
game 505 time= 32.8s halfmoves=147 Winner.white
game 506 time= 42.4s halfmoves=180 Winner.black
game 507 time= 57.8s halfmoves=240 Winner.black
game 508 time= 16.5s halfmoves= 71 Winner.white
game 509 time= 23.9s halfmoves=104 Winner.black
game 510 time=  9.9s halfmoves= 45 Winner.white
game 511 time= 33.3s halfmoves=147 Winner.white
game 512 time= 14.2s halfmoves= 65 Winner.white
game 513 time= 27.7s halfmoves=119 Winner.white
game 514 time= 28.7s halfmoves=127 Winner.white
game 515 time=  4.1s halfmoves= 20 Winner.black
game 516 time= 10.9s halfmoves= 50 Winner.black
game 517 time= 35.2s halfmoves=154 Winner.black
game 518 time= 29.7s halfmoves=126 Winner.black
game 519 time= 21.1s halfmoves= 92 Winner.black
game 520 time= 11.6s halfmoves= 52 Winner.black
game 521 time= 12.0s halfmoves= 55 Winner.white
game 522 time=  1.8s halfmoves=  9 Winner.white
game 523 time= 36.3s halfmoves=153 Winner.white
game 524 time= 43.9s halfmoves=186 Winner.black
game 525 time=  9.6s halfmoves= 44 Winner.black
game 526 time= 16.7s halfmoves= 76 Winner.black
game 527 time= 26.4s halfmoves=115 Winner.white
game 528 time= 26.0s halfmoves=114 Winner.black
game 529 time= 25.7s halfmoves=114 Winner.black
game 530 time= 25.1s halfmoves=108 Winner.black
game 531 time= 26.4s halfmoves=116 Winner.black
game 532 time= 26.6s halfmoves=116 Winner.black
game 533 time= 48.1s halfmoves=206 Winner.draw
game 534 time= 87.3s halfmoves=301 Winner.draw
game 535 time= 18.2s halfmoves= 79 Winner.white
game 536 time=  6.8s halfmoves= 32 Winner.black
game 537 time=  8.4s halfmoves= 39 Winner.white
game 538 time= 16.8s halfmoves= 74 Winner.black
game 539 time= 26.1s halfmoves=117 Winner.white
game 540 time= 27.2s halfmoves=120 Winner.black
game 541 time= 26.7s halfmoves=121 Winner.white
game 542 time= 31.3s halfmoves=134 Winner.black
game 543 time= 12.9s halfmoves= 58 Winner.black
game 544 time= 50.7s halfmoves=220 Winner.black
game 545 time= 68.0s halfmoves=252 Winner.black
game 546 time= 13.2s halfmoves= 59 Winner.white
game 547 time= 27.6s halfmoves=121 Winner.white
game 548 time=  4.9s halfmoves= 23 Winner.white
game 549 time= 14.1s halfmoves= 63 Winner.white
game 550 time= 22.8s halfmoves=101 Winner.white
game 551 time= 29.7s halfmoves= 72 Winner.black
game 552 time= 36.8s halfmoves=160 Winner.black
game 553 time= 21.2s halfmoves= 95 Winner.white
game 554 time= 69.0s halfmoves=285 Winner.draw
game 555 time= 25.1s halfmoves=109 Winner.white
game 556 time= 34.1s halfmoves=148 Winner.black
game 557 time= 18.7s halfmoves= 82 Winner.black
game 558 time= 85.3s halfmoves=289 Winner.draw
game 559 time= 59.8s halfmoves=251 Winner.draw
game 560 time= 19.2s halfmoves= 88 Winner.black
game 561 time= 15.8s halfmoves= 71 Winner.white
game 562 time= 11.7s halfmoves= 54 Winner.black
game 563 time= 35.9s halfmoves=156 Winner.black
game 564 time= 17.4s halfmoves= 76 Winner.black
game 565 time= 15.2s halfmoves= 68 Winner.black
game 566 time= 28.2s halfmoves=126 Winner.black
game 567 time= 10.0s halfmoves= 46 Winner.black
game 568 time= 12.2s halfmoves= 56 Winner.black
game 569 time= 28.1s halfmoves=123 Winner.white
game 570 time=  8.3s halfmoves= 39 Winner.white
game 571 time= 15.1s halfmoves= 67 Winner.white
game 572 time= 46.8s halfmoves=199 Winner.white
game 573 time= 40.3s halfmoves=178 Winner.black
game 574 time= 84.6s halfmoves=324 Winner.draw
game 575 time= 22.5s halfmoves= 97 Winner.white
game 576 time= 58.7s halfmoves=239 Winner.draw
game 577 time= 61.6s halfmoves=258 Winner.black
game 578 time= 72.6s halfmoves=292 Winner.draw
game 579 time= 21.6s halfmoves= 92 Winner.black
game 580 time= 10.6s halfmoves= 48 Winner.black
game 581 time= 43.7s halfmoves=189 Winner.white
game 582 time= 10.8s halfmoves= 50 Winner.black
game 583 time=  7.2s halfmoves= 33 Winner.white
game 584 time= 82.2s halfmoves=318 Winner.draw
game 585 time= 36.4s halfmoves=160 Winner.black
game 586 time= 79.6s halfmoves=319 Winner.white
game 587 time= 27.3s halfmoves=118 Winner.black
game 588 time= 69.0s halfmoves=280 Winner.draw
game 589 time=  9.2s halfmoves= 43 Winner.white
game 590 time= 30.1s halfmoves=130 Winner.black
game 591 time= 63.0s halfmoves=261 Winner.draw
game 592 time= 16.7s halfmoves= 73 Winner.white
game 593 time= 90.8s halfmoves=315 Winner.draw
game 594 time= 43.7s halfmoves=191 Winner.white
game 595 time= 24.3s halfmoves=109 Winner.white
game 596 time= 49.5s halfmoves=207 Winner.white
game 597 time= 20.1s halfmoves= 87 Winner.white
game 598 time=  8.8s halfmoves= 42 Winner.black
game 599 time= 51.2s halfmoves=208 Winner.black
game 600 time= 32.6s halfmoves=145 Winner.white
game 601 time= 71.7s halfmoves=227 Winner.draw
game 602 time= 23.3s halfmoves=102 Winner.black
game 603 time= 29.3s halfmoves=129 Winner.white
game 604 time= 11.8s halfmoves= 54 Winner.black
game 605 time= 15.3s halfmoves= 69 Winner.white
game 606 time= 39.0s halfmoves=165 Winner.white
game 607 time= 11.5s halfmoves= 53 Winner.white
game 608 time= 15.8s halfmoves= 71 Winner.white
game 609 time= 34.3s halfmoves=141 Winner.white
game 610 time=  8.4s halfmoves= 39 Winner.white
game 611 time= 38.5s halfmoves=165 Winner.white
game 612 time= 24.7s halfmoves=106 Winner.black
game 613 time= 39.5s halfmoves=174 Winner.black
game 614 time= 22.7s halfmoves=101 Winner.white
game 615 time= 65.6s halfmoves=268 Winner.draw
game 616 time= 80.8s halfmoves=288 Winner.draw
game 617 time= 16.9s halfmoves= 74 Winner.black
game 618 time= 16.2s halfmoves= 71 Winner.white
game 619 time= 28.5s halfmoves=125 Winner.white
game 620 time= 56.5s halfmoves=240 Winner.black
game 621 time= 61.2s halfmoves=253 Winner.white
game 622 time= 52.2s halfmoves=222 Winner.black
game 623 time= 17.9s halfmoves= 80 Winner.black
game 624 time= 30.8s halfmoves=132 Winner.black
game 625 time= 15.3s halfmoves= 68 Winner.black
game 626 time= 15.6s halfmoves= 67 Winner.white
game 627 time= 15.6s halfmoves= 72 Winner.black
game 628 time= 68.4s halfmoves=278 Winner.draw
game 629 time= 92.1s halfmoves=316 Winner.draw
game 630 time= 54.2s halfmoves=228 Winner.black
game 631 time= 39.9s halfmoves=173 Winner.white
game 632 time= 16.4s halfmoves= 72 Winner.black
game 633 time= 23.2s halfmoves=102 Winner.black
game 634 time= 11.0s halfmoves= 49 Winner.white
game 635 time= 38.8s halfmoves=164 Winner.black
game 636 time= 11.2s halfmoves= 52 Winner.black
game 637 time=  4.0s halfmoves= 19 Winner.white
game 638 time= 55.7s halfmoves=234 Winner.draw
game 639 time= 33.6s halfmoves=146 Winner.black
game 640 time= 43.1s halfmoves=183 Winner.white
game 641 time= 26.0s halfmoves=117 Winner.white
game 642 time= 22.5s halfmoves= 99 Winner.white
game 643 time= 36.3s halfmoves=153 Winner.white
game 644 time=  5.5s halfmoves= 26 Winner.black
game 645 time= 12.4s halfmoves= 56 Winner.black
game 646 time= 55.6s halfmoves=234 Winner.black
game 647 time=  5.3s halfmoves= 24 Winner.black
game 648 time= 27.9s halfmoves=117 Winner.white
game 649 time= 12.6s halfmoves= 56 Winner.black
game 650 time= 22.2s halfmoves= 98 Winner.black
game 651 time= 18.5s halfmoves= 15 Winner.white
game 652 time=  4.0s halfmoves= 20 Winner.black
game 653 time= 26.8s halfmoves=116 Winner.black
game 654 time= 42.0s halfmoves=183 Winner.white
game 655 time= 44.8s halfmoves=185 Winner.white
game 656 time=  4.7s halfmoves= 23 Winner.white
game 657 time= 60.6s halfmoves=243 Winner.draw
game 658 time= 13.8s halfmoves= 63 Winner.white
game 659 time= 30.1s halfmoves=129 Winner.white
game 660 time= 21.7s halfmoves= 97 Winner.white
game 661 time=  9.6s halfmoves= 43 Winner.white
game 662 time= 93.1s halfmoves=326 Winner.draw
game 663 time= 92.3s halfmoves=335 Winner.draw
game 664 time= 40.4s halfmoves=174 Winner.black
game 665 time= 14.9s halfmoves= 66 Winner.black
game 666 time= 22.2s halfmoves= 98 Winner.black
game 667 time= 11.0s halfmoves= 49 Winner.white
game 668 time= 45.7s halfmoves=198 Winner.draw
game 669 time= 28.1s halfmoves=121 Winner.white
game 670 time=  1.5s halfmoves=  8 Winner.black
game 671 time= 43.6s halfmoves=181 Winner.white
game 672 time= 19.0s halfmoves= 84 Winner.black
game 673 time= 13.7s halfmoves= 62 Winner.black
game 674 time= 22.5s halfmoves= 99 Winner.white
game 675 time= 33.3s halfmoves=140 Winner.black
game 676 time= 41.2s halfmoves=181 Winner.white
game 677 time=  8.9s halfmoves= 42 Winner.black
game 678 time=  2.8s halfmoves= 14 Winner.black
game 679 time= 78.8s halfmoves=304 Winner.draw
game 680 time= 58.8s halfmoves=250 Winner.black
game 681 time= 32.5s halfmoves=138 Winner.black
game 682 time=130.0s halfmoves=448 Winner.draw
game 683 time= 14.8s halfmoves= 66 Winner.black
game 684 time= 23.2s halfmoves=101 Winner.white
game 685 time=  6.3s halfmoves= 30 Winner.black
game 686 time= 83.8s halfmoves=300 Winner.draw
game 687 time= 50.1s halfmoves=217 Winner.white
game 688 time= 34.9s halfmoves=157 Winner.white
game 689 time= 18.6s halfmoves= 82 Winner.black
game 690 time= 10.0s halfmoves= 45 Winner.white
game 691 time= 16.4s halfmoves= 72 Winner.black
game 692 time= 53.1s halfmoves=218 Winner.draw
game 693 time= 13.7s halfmoves= 62 Winner.black
game 694 time= 21.3s halfmoves= 95 Winner.white
game 695 time= 67.1s halfmoves=283 Winner.draw
game 696 time= 41.2s halfmoves=172 Winner.black
game 697 time=  9.5s halfmoves= 43 Winner.white
game 698 time= 22.5s halfmoves=101 Winner.white
game 699 time= 33.9s halfmoves=147 Winner.white
game 700 time= 47.2s halfmoves=193 Winner.white
game 701 time= 73.8s halfmoves=243 Winner.white
game 702 time= 92.7s halfmoves=324 Winner.draw
game 703 time=  9.1s halfmoves= 41 Winner.white
game 704 time= 74.2s halfmoves=298 Winner.draw
game 705 time= 35.1s halfmoves=151 Winner.white
game 706 time=  6.2s halfmoves= 30 Winner.black
game 707 time= 45.1s halfmoves=197 Winner.draw
game 708 time= 19.1s halfmoves= 84 Winner.black
game 709 time= 23.8s halfmoves=105 Winner.white
game 710 time= 56.4s halfmoves=243 Winner.draw
game 711 time= 15.7s halfmoves= 72 Winner.black
game 712 time= 11.1s halfmoves= 51 Winner.white
game 713 time= 26.3s halfmoves=115 Winner.white
game 714 time= 12.9s halfmoves= 58 Winner.black
game 715 time=  8.5s halfmoves= 38 Winner.black
game 716 time= 15.0s halfmoves= 67 Winner.white
game 717 time= 50.1s halfmoves=216 Winner.black
game 718 time= 18.0s halfmoves= 80 Winner.black
game 719 time= 25.2s halfmoves=111 Winner.white
game 720 time= 21.2s halfmoves= 95 Winner.white
game 721 time= 22.1s halfmoves= 96 Winner.black
game 722 time=  4.4s halfmoves= 21 Winner.white
game 723 time= 11.8s halfmoves= 55 Winner.white
game 724 time=  7.5s halfmoves= 34 Winner.black
game 725 time= 17.1s halfmoves= 77 Winner.white
game 726 time= 20.3s halfmoves= 91 Winner.white
game 727 time=  6.8s halfmoves= 32 Winner.black
game 728 time= 26.4s halfmoves=118 Winner.black
game 729 time=135.9s halfmoves=427 Winner.draw
game 730 time=108.0s halfmoves=370 Winner.draw
game 731 time= 39.6s halfmoves=169 Winner.white
game 732 time=  4.0s halfmoves= 20 Winner.black
game 733 time=  6.2s halfmoves= 30 Winner.black
game 734 time=  4.4s halfmoves= 21 Winner.white
game 735 time=  2.0s halfmoves= 10 Winner.black
game 736 time= 59.4s halfmoves=237 Winner.draw
game 737 time= 66.0s halfmoves=274 Winner.black
game 738 time= 13.9s halfmoves= 63 Winner.white
game 739 time=  9.3s halfmoves= 43 Winner.white
game 740 time= 31.4s halfmoves=135 Winner.white
game 741 time= 30.3s halfmoves=133 Winner.white
game 742 time= 26.2s halfmoves=114 Winner.black
game 743 time= 31.2s halfmoves=138 Winner.black
game 744 time=  5.6s halfmoves= 27 Winner.white
game 745 time= 47.5s halfmoves=207 Winner.draw
game 746 time= 13.6s halfmoves= 60 Winner.black
game 747 time= 43.7s halfmoves=188 Winner.black
game 748 time= 24.2s halfmoves=106 Winner.black
game 749 time=  4.9s halfmoves= 24 Winner.black
game 750 time= 22.0s halfmoves= 96 Winner.black
game 751 time= 28.2s halfmoves= 66 Winner.black
game 752 time= 14.9s halfmoves= 66 Winner.black
game 753 time= 44.7s halfmoves=189 Winner.draw
game 754 time= 15.7s halfmoves= 70 Winner.black
game 755 time=  9.1s halfmoves= 41 Winner.white
game 756 time= 40.5s halfmoves=167 Winner.white
game 757 time= 27.1s halfmoves=120 Winner.black
game 758 time= 48.2s halfmoves=211 Winner.draw
game 759 time= 33.1s halfmoves=146 Winner.black
game 760 time= 82.5s halfmoves=292 Winner.draw
game 761 time= 24.3s halfmoves=103 Winner.white
game 762 time= 25.9s halfmoves=116 Winner.black
game 763 time= 98.6s halfmoves=350 Winner.draw
game 764 time= 17.3s halfmoves= 79 Winner.white
game 765 time= 25.7s halfmoves=115 Winner.white
game 766 time= 38.1s halfmoves=165 Winner.white
game 767 time= 42.8s halfmoves=188 Winner.black
game 768 time=  6.6s halfmoves= 31 Winner.white
game 769 time=  8.9s halfmoves= 40 Winner.black
game 770 time= 11.5s halfmoves= 52 Winner.black
game 771 time= 44.8s halfmoves=191 Winner.white
game 772 time= 61.5s halfmoves=263 Winner.draw
game 773 time= 20.7s halfmoves= 91 Winner.white
game 774 time= 11.6s halfmoves= 53 Winner.white
game 775 time= 18.9s halfmoves= 83 Winner.white
game 776 time= 20.6s halfmoves= 91 Winner.white
game 777 time=  8.8s halfmoves= 41 Winner.white
game 778 time= 59.4s halfmoves=239 Winner.white
game 779 time= 26.9s halfmoves=117 Winner.white
game 780 time= 12.8s halfmoves= 57 Winner.white
game 781 time=  3.6s halfmoves= 18 Winner.black
game 782 time= 84.2s halfmoves=319 Winner.draw
game 783 time= 72.1s halfmoves=296 Winner.draw
game 784 time= 20.9s halfmoves= 92 Winner.black
game 785 time= 95.5s halfmoves=335 Winner.draw
game 786 time= 26.0s halfmoves=114 Winner.black
game 787 time= 46.5s halfmoves=197 Winner.draw
game 788 time=  4.2s halfmoves= 20 Winner.black
game 789 time= 22.9s halfmoves=103 Winner.white
game 790 time= 23.4s halfmoves=105 Winner.white
game 791 time= 18.9s halfmoves= 83 Winner.white
game 792 time= 28.8s halfmoves=125 Winner.white
game 793 time= 48.7s halfmoves=202 Winner.black
game 794 time=  8.0s halfmoves= 37 Winner.white
game 795 time= 36.9s halfmoves=154 Winner.black
game 796 time=  4.9s halfmoves= 24 Winner.black
game 797 time= 21.0s halfmoves= 93 Winner.white
game 798 time= 38.2s halfmoves=168 Winner.black
game 799 time=  3.6s halfmoves= 18 Winner.black
game 800 time=  7.4s halfmoves= 34 Winner.black
game 801 time= 37.8s halfmoves=100 Winner.black
game 802 time= 33.9s halfmoves=149 Winner.white
game 803 time= 84.4s halfmoves=299 Winner.draw
game 804 time= 29.6s halfmoves=127 Winner.white
game 805 time= 26.8s halfmoves=120 Winner.black
game 806 time= 27.7s halfmoves=125 Winner.white
game 807 time= 26.2s halfmoves=115 Winner.white
game 808 time= 25.9s halfmoves=114 Winner.black
game 809 time= 18.8s halfmoves= 82 Winner.black
game 810 time= 27.0s halfmoves=117 Winner.white
game 811 time=  7.2s halfmoves= 34 Winner.black
game 812 time= 18.8s halfmoves= 83 Winner.white
game 813 time= 67.4s halfmoves=265 Winner.draw
game 814 time= 17.1s halfmoves= 77 Winner.white
game 815 time= 27.0s halfmoves=120 Winner.black
game 816 time= 28.6s halfmoves=123 Winner.white
game 817 time= 28.3s halfmoves=124 Winner.black
game 818 time= 22.6s halfmoves= 99 Winner.white
game 819 time= 24.1s halfmoves=108 Winner.black
game 820 time= 65.8s halfmoves=275 Winner.white
game 821 time= 24.8s halfmoves=111 Winner.white
game 822 time= 41.0s halfmoves=178 Winner.black
game 823 time= 20.0s halfmoves= 87 Winner.white
game 824 time= 38.7s halfmoves=167 Winner.white
game 825 time= 15.5s halfmoves= 69 Winner.white
game 826 time=  4.3s halfmoves= 21 Winner.white
game 827 time= 42.9s halfmoves=186 Winner.draw
game 828 time= 28.8s halfmoves=129 Winner.white
game 829 time= 10.8s halfmoves= 48 Winner.black
game 830 time=  7.9s halfmoves= 37 Winner.white
game 831 time= 15.8s halfmoves= 70 Winner.black
game 832 time= 13.6s halfmoves= 60 Winner.black
game 833 time=  7.6s halfmoves= 35 Winner.white
game 834 time= 13.4s halfmoves= 59 Winner.white
game 835 time= 21.9s halfmoves= 97 Winner.white
game 836 time= 32.6s halfmoves=141 Winner.white
game 837 time= 18.1s halfmoves= 79 Winner.white
game 838 time= 25.5s halfmoves=112 Winner.black
game 839 time= 39.8s halfmoves=175 Winner.white
game 840 time= 13.1s halfmoves= 60 Winner.black
game 841 time= 16.9s halfmoves= 74 Winner.black
game 842 time=  6.9s halfmoves= 33 Winner.white
game 843 time=  9.0s halfmoves= 42 Winner.black
game 844 time= 12.4s halfmoves= 56 Winner.black
game 845 time= 23.7s halfmoves=106 Winner.black
game 846 time= 80.5s halfmoves=279 Winner.draw
game 847 time= 63.6s halfmoves=240 Winner.black
game 848 time=  4.4s halfmoves= 21 Winner.white
game 849 time= 26.7s halfmoves=118 Winner.black
game 850 time= 32.7s halfmoves=142 Winner.black
game 851 time=149.7s halfmoves=429 Winner.draw
game 852 time= 25.3s halfmoves=110 Winner.black
game 853 time=  8.8s halfmoves= 41 Winner.white
game 854 time= 11.1s halfmoves= 52 Winner.black
game 855 time= 89.0s halfmoves=313 Winner.draw
game 856 time= 69.6s halfmoves=279 Winner.draw
game 857 time= 19.5s halfmoves= 86 Winner.black
game 858 time= 54.1s halfmoves=234 Winner.draw
game 859 time= 25.5s halfmoves=114 Winner.black
game 860 time= 18.2s halfmoves= 79 Winner.white
game 861 time= 27.3s halfmoves=122 Winner.draw
game 862 time= 48.2s halfmoves=202 Winner.draw
game 863 time= 15.2s halfmoves= 69 Winner.white
game 864 time= 51.2s halfmoves=217 Winner.white
game 865 time= 14.1s halfmoves= 63 Winner.white
game 866 time= 36.9s halfmoves=161 Winner.white
game 867 time= 39.0s halfmoves=165 Winner.white
game 868 time= 59.3s halfmoves=252 Winner.black
game 869 time=  2.8s halfmoves= 14 Winner.black
game 870 time= 22.9s halfmoves= 99 Winner.white
game 871 time= 86.3s halfmoves=302 Winner.draw
game 872 time= 10.0s halfmoves= 44 Winner.black
game 873 time= 18.0s halfmoves= 79 Winner.white
game 874 time= 24.5s halfmoves=110 Winner.black
game 875 time= 22.0s halfmoves= 94 Winner.black
game 876 time=  4.6s halfmoves= 22 Winner.black
game 877 time= 52.4s halfmoves=213 Winner.white
game 878 time=  7.0s halfmoves= 33 Winner.white
game 879 time= 19.5s halfmoves= 86 Winner.black
game 880 time= 19.8s halfmoves= 88 Winner.black
game 881 time= 25.8s halfmoves=118 Winner.black
game 882 time= 37.6s halfmoves=162 Winner.draw
game 883 time=  8.1s halfmoves= 38 Winner.black
game 884 time= 26.2s halfmoves=112 Winner.black
game 885 time= 75.3s halfmoves=281 Winner.draw
game 886 time= 14.1s halfmoves= 63 Winner.white
game 887 time=  7.7s halfmoves= 35 Winner.white
game 888 time= 42.6s halfmoves=185 Winner.white
game 889 time= 29.2s halfmoves=127 Winner.white
game 890 time= 39.1s halfmoves=170 Winner.black
game 891 time= 11.2s halfmoves= 50 Winner.black
game 892 time= 24.8s halfmoves=111 Winner.white
game 893 time= 22.0s halfmoves= 97 Winner.white
game 894 time= 18.5s halfmoves= 84 Winner.black
game 895 time= 33.1s halfmoves=141 Winner.white
game 896 time= 19.9s halfmoves= 89 Winner.white
game 897 time= 29.4s halfmoves=128 Winner.black
game 898 time= 39.6s halfmoves=171 Winner.white
game 899 time= 19.0s halfmoves= 85 Winner.white
game 900 time=101.3s halfmoves=366 Winner.draw
game 901 time= 84.2s halfmoves=275 Winner.draw
game 902 time= 58.3s halfmoves=236 Winner.draw
game 903 time= 26.6s halfmoves=122 Winner.black
game 904 time= 29.0s halfmoves=125 Winner.white
game 905 time= 24.5s halfmoves=108 Winner.black
game 906 time= 24.6s halfmoves=110 Winner.black
game 907 time= 23.3s halfmoves=101 Winner.white
game 908 time=101.7s halfmoves=353 Winner.draw
game 909 time= 12.1s halfmoves= 55 Winner.white
game 910 time= 26.2s halfmoves=116 Winner.black
game 911 time= 56.3s halfmoves=228 Winner.black
game 912 time= 22.2s halfmoves= 98 Winner.black
game 913 time= 23.2s halfmoves=104 Winner.black
game 914 time= 27.8s halfmoves=124 Winner.black
game 915 time= 67.0s halfmoves=254 Winner.black
game 916 time= 35.9s halfmoves=154 Winner.black
game 917 time= 83.5s halfmoves=287 Winner.draw
game 918 time=  3.2s halfmoves= 16 Winner.black
game 919 time= 51.6s halfmoves=226 Winner.black
game 920 time= 42.0s halfmoves=176 Winner.black
game 921 time= 17.7s halfmoves= 77 Winner.white
game 922 time=133.1s halfmoves=424 Winner.draw
game 923 time= 17.5s halfmoves= 77 Winner.white
game 924 time= 10.9s halfmoves= 51 Winner.white
game 925 time= 24.1s halfmoves=108 Winner.black
game 926 time= 29.5s halfmoves=129 Winner.white
game 927 time= 18.3s halfmoves= 82 Winner.black
game 928 time= 55.4s halfmoves=230 Winner.black
game 929 time= 23.2s halfmoves=104 Winner.black
game 930 time= 12.8s halfmoves= 59 Winner.white
game 931 time= 18.1s halfmoves= 82 Winner.black
game 932 time= 22.4s halfmoves=101 Winner.white
game 933 time= 42.5s halfmoves=183 Winner.white
game 934 time= 33.0s halfmoves=142 Winner.black
game 935 time=  7.3s halfmoves= 34 Winner.black
game 936 time= 86.8s halfmoves=299 Winner.draw
game 937 time= 18.8s halfmoves= 85 Winner.white
game 938 time=  7.6s halfmoves= 35 Winner.white
game 939 time= 44.1s halfmoves=192 Winner.black
game 940 time= 52.7s halfmoves=231 Winner.draw
game 941 time= 31.4s halfmoves=135 Winner.white
game 942 time= 20.2s halfmoves= 90 Winner.black
game 943 time= 25.8s halfmoves=116 Winner.black
game 944 time= 27.9s halfmoves=123 Winner.white
game 945 time= 88.9s halfmoves=308 Winner.draw
game 946 time=  8.8s halfmoves= 40 Winner.black
game 947 time= 83.7s halfmoves=289 Winner.draw
game 948 time= 34.7s halfmoves=150 Winner.black
game 949 time= 63.6s halfmoves=263 Winner.draw
game 950 time= 32.6s halfmoves=141 Winner.white
game 951 time= 33.4s halfmoves= 69 Winner.white
game 952 time= 77.0s halfmoves=302 Winner.black
game 953 time= 15.8s halfmoves= 69 Winner.white
game 895 time= 33.1s halfmoves=141 Winner.white
game 896 time= 19.9s halfmoves= 89 Winner.white
game 897 time= 29.4s halfmoves=128 Winner.black
game 898 time= 39.6s halfmoves=171 Winner.white
game 899 time= 19.0s halfmoves= 85 Winner.white
game 900 time=101.3s halfmoves=366 Winner.draw
game 901 time= 84.2s halfmoves=275 Winner.draw
game 902 time= 58.3s halfmoves=236 Winner.draw
game 903 time= 26.6s halfmoves=122 Winner.black
game 904 time= 29.0s halfmoves=125 Winner.white
game 905 time= 24.5s halfmoves=108 Winner.black
game 906 time= 24.6s halfmoves=110 Winner.black
game 907 time= 23.3s halfmoves=101 Winner.white
game 908 time=101.7s halfmoves=353 Winner.draw
game 909 time= 12.1s halfmoves= 55 Winner.white
game 910 time= 26.2s halfmoves=116 Winner.black
game 911 time= 56.3s halfmoves=228 Winner.black
game 912 time= 22.2s halfmoves= 98 Winner.black
game 913 time= 23.2s halfmoves=104 Winner.black
game 914 time= 27.8s halfmoves=124 Winner.black
game 915 time= 67.0s halfmoves=254 Winner.black
game 916 time= 35.9s halfmoves=154 Winner.black
game 917 time= 83.5s halfmoves=287 Winner.draw
game 918 time=  3.2s halfmoves= 16 Winner.black
game 919 time= 51.6s halfmoves=226 Winner.black
game 920 time= 42.0s halfmoves=176 Winner.black
game 921 time= 17.7s halfmoves= 77 Winner.white
game 922 time=133.1s halfmoves=424 Winner.draw
game 923 time= 17.5s halfmoves= 77 Winner.white
game 924 time= 10.9s halfmoves= 51 Winner.white
game 925 time= 24.1s halfmoves=108 Winner.black
game 926 time= 29.5s halfmoves=129 Winner.white
game 927 time= 18.3s halfmoves= 82 Winner.black
game 928 time= 55.4s halfmoves=230 Winner.black
game 929 time= 23.2s halfmoves=104 Winner.black
game 930 time= 12.8s halfmoves= 59 Winner.white
game 931 time= 18.1s halfmoves= 82 Winner.black
game 932 time= 22.4s halfmoves=101 Winner.white
game 933 time= 42.5s halfmoves=183 Winner.white
game 934 time= 33.0s halfmoves=142 Winner.black
game 935 time=  7.3s halfmoves= 34 Winner.black
game 936 time= 86.8s halfmoves=299 Winner.draw
game 937 time= 18.8s halfmoves= 85 Winner.white
game 938 time=  7.6s halfmoves= 35 Winner.white
game 939 time= 44.1s halfmoves=192 Winner.black
game 940 time= 52.7s halfmoves=231 Winner.draw
game 941 time= 31.4s halfmoves=135 Winner.white
game 942 time= 20.2s halfmoves= 90 Winner.black
game 943 time= 25.8s halfmoves=116 Winner.black
game 944 time= 27.9s halfmoves=123 Winner.white
game 945 time= 88.9s halfmoves=308 Winner.draw
game 946 time=  8.8s halfmoves= 40 Winner.black
game 947 time= 83.7s halfmoves=289 Winner.draw
game 948 time= 34.7s halfmoves=150 Winner.black
game 949 time= 63.6s halfmoves=263 Winner.draw
game 950 time= 32.6s halfmoves=141 Winner.white
